<?xml version="1.0" encoding="UTF-8"?>
<!-- Generated by org.testng.reporters.JUnitXMLReporter -->
<testsuite hostname="Glenns-HP" ignored="0" name="Test" tests="5" failures="3" timestamp="18 Apr 2018 14:49:28 GMT" time="147.636" errors="0">
  <testcase name="addProductToCartAndEmailIt" time="16.064" classname="com.build.qa.build.selenium.tests.BuildTest">
    <failure type="org.openqa.selenium.ElementNotVisibleException" message="element not visible
  (Session info: chrome with embedded Chromium 65.0.3325.181)
  (Driver info: OperaDriver=2.33 (3c26e9df3b0e313077a02a7d6ecab2264700bf10),platform=Windows NT 6.1.7601 SP1 x86_64) (WARNING: The server did not provide any stacktrace information)
Command duration or timeout: 4.83 seconds
Build info: version: &amp;apos;3.4.0&amp;apos;, revision: &amp;apos;unknown&amp;apos;, time: &amp;apos;unknown&amp;apos;
System info: host: &amp;apos;GLENNS-HP&amp;apos;, ip: &amp;apos;192.168.1.3&amp;apos;, os.name: &amp;apos;Windows 7&amp;apos;, os.arch: &amp;apos;x86&amp;apos;, os.version: &amp;apos;6.1&amp;apos;, java.version: &amp;apos;1.8.0_144&amp;apos;
Driver info: org.openqa.selenium.opera.OperaDriver
Capabilities [{applicationCacheEnabled=false, rotatable=false, mobileEmulationEnabled=false, networkConnectionEnabled=false, chrome={chromedriverVersion=2.33 (3c26e9df3b0e313077a02a7d6ecab2264700bf10), userDataDir=C:\Users\Glenns\AppData\Local\Temp\scoped_dir16708_19504}, takesHeapSnapshot=true, pageLoadStrategy=normal, databaseEnabled=false, handlesAlerts=true, hasTouchScreen=false, version=65.0.3325.181, platform=XP, browserConnectionEnabled=false, nativeEvents=true, acceptSslCerts=true, locationContextEnabled=true, webStorageEnabled=true, browserName=chrome, takesScreenshot=true, javascriptEnabled=true, cssSelectorsEnabled=true, setWindowRect=true, unexpectedAlertBehaviour=}]
Session ID: 99686e20f797ffc7f7e8176a94ef6963">
      <![CDATA[org.openqa.selenium.ElementNotVisibleException: element not visible
  (Session info: chrome with embedded Chromium 65.0.3325.181)
  (Driver info: OperaDriver=2.33 (3c26e9df3b0e313077a02a7d6ecab2264700bf10),platform=Windows NT 6.1.7601 SP1 x86_64) (WARNING: The server did not provide any stacktrace information)
Command duration or timeout: 4.83 seconds
Build info: version: '3.4.0', revision: 'unknown', time: 'unknown'
System info: host: 'GLENNS-HP', ip: '192.168.1.3', os.name: 'Windows 7', os.arch: 'x86', os.version: '6.1', java.version: '1.8.0_144'
Driver info: org.openqa.selenium.opera.OperaDriver
Capabilities [{applicationCacheEnabled=false, rotatable=false, mobileEmulationEnabled=false, networkConnectionEnabled=false, chrome={chromedriverVersion=2.33 (3c26e9df3b0e313077a02a7d6ecab2264700bf10), userDataDir=C:\Users\Glenns\AppData\Local\Temp\scoped_dir16708_19504}, takesHeapSnapshot=true, pageLoadStrategy=normal, databaseEnabled=false, handlesAlerts=true, hasTouchScreen=false, version=65.0.3325.181, platform=XP, browserConnectionEnabled=false, nativeEvents=true, acceptSslCerts=true, locationContextEnabled=true, webStorageEnabled=true, browserName=chrome, takesScreenshot=true, javascriptEnabled=true, cssSelectorsEnabled=true, setWindowRect=true, unexpectedAlertBehaviour=}]
Session ID: 99686e20f797ffc7f7e8176a94ef6963
at org.openqa.selenium.remote.ErrorHandler.createThrowable(ErrorHandler.java:215)
at org.openqa.selenium.remote.ErrorHandler.throwIfResponseFailed(ErrorHandler.java:167)
at org.openqa.selenium.remote.RemoteWebDriver.execute(RemoteWebDriver.java:671)
at org.openqa.selenium.remote.RemoteWebElement.execute(RemoteWebElement.java:272)
at org.openqa.selenium.remote.RemoteWebElement.click(RemoteWebElement.java:82)
at com.build.qa.build.selenium.tests.BuildTest.addProductToCartAndEmailIt(BuildTest.java:247)
... Removed 29 stack frames]]>
    </failure>
  </testcase> <!-- addProductToCartAndEmailIt -->
  <testcase name="addProductToCartFromCategoryDrop" time="13.759" classname="com.build.qa.build.selenium.tests.BuildTest">
    <failure type="org.openqa.selenium.WebDriverException" message="unknown error: Runtime.evaluate threw exception: SyntaxError: missing ) after argument list
  (Session info: chrome with embedded Chromium 65.0.3325.181)
  (Driver info: OperaDriver=2.33 (3c26e9df3b0e313077a02a7d6ecab2264700bf10),platform=Windows NT 6.1.7601 SP1 x86_64) (WARNING: The server did not provide any stacktrace information)
Command duration or timeout: 339 milliseconds
Build info: version: &amp;apos;3.4.0&amp;apos;, revision: &amp;apos;unknown&amp;apos;, time: &amp;apos;unknown&amp;apos;
System info: host: &amp;apos;GLENNS-HP&amp;apos;, ip: &amp;apos;192.168.1.3&amp;apos;, os.name: &amp;apos;Windows 7&amp;apos;, os.arch: &amp;apos;x86&amp;apos;, os.version: &amp;apos;6.1&amp;apos;, java.version: &amp;apos;1.8.0_144&amp;apos;
Driver info: org.openqa.selenium.opera.OperaDriver
Capabilities [{applicationCacheEnabled=false, rotatable=false, mobileEmulationEnabled=false, networkConnectionEnabled=false, chrome={chromedriverVersion=2.33 (3c26e9df3b0e313077a02a7d6ecab2264700bf10), userDataDir=C:\Users\Glenns\AppData\Local\Temp\scoped_dir16392_23922}, takesHeapSnapshot=true, pageLoadStrategy=normal, databaseEnabled=false, handlesAlerts=true, hasTouchScreen=false, version=65.0.3325.181, platform=XP, browserConnectionEnabled=false, nativeEvents=true, acceptSslCerts=true, locationContextEnabled=true, webStorageEnabled=true, browserName=chrome, takesScreenshot=true, javascriptEnabled=true, cssSelectorsEnabled=true, setWindowRect=true, unexpectedAlertBehaviour=}]
Session ID: 68906b8f9b9ec7223e6e3c43f5321710">
      <![CDATA[org.openqa.selenium.WebDriverException: unknown error: Runtime.evaluate threw exception: SyntaxError: missing ) after argument list
  (Session info: chrome with embedded Chromium 65.0.3325.181)
  (Driver info: OperaDriver=2.33 (3c26e9df3b0e313077a02a7d6ecab2264700bf10),platform=Windows NT 6.1.7601 SP1 x86_64) (WARNING: The server did not provide any stacktrace information)
Command duration or timeout: 339 milliseconds
Build info: version: '3.4.0', revision: 'unknown', time: 'unknown'
System info: host: 'GLENNS-HP', ip: '192.168.1.3', os.name: 'Windows 7', os.arch: 'x86', os.version: '6.1', java.version: '1.8.0_144'
Driver info: org.openqa.selenium.opera.OperaDriver
Capabilities [{applicationCacheEnabled=false, rotatable=false, mobileEmulationEnabled=false, networkConnectionEnabled=false, chrome={chromedriverVersion=2.33 (3c26e9df3b0e313077a02a7d6ecab2264700bf10), userDataDir=C:\Users\Glenns\AppData\Local\Temp\scoped_dir16392_23922}, takesHeapSnapshot=true, pageLoadStrategy=normal, databaseEnabled=false, handlesAlerts=true, hasTouchScreen=false, version=65.0.3325.181, platform=XP, browserConnectionEnabled=false, nativeEvents=true, acceptSslCerts=true, locationContextEnabled=true, webStorageEnabled=true, browserName=chrome, takesScreenshot=true, javascriptEnabled=true, cssSelectorsEnabled=true, setWindowRect=true, unexpectedAlertBehaviour=}]
Session ID: 68906b8f9b9ec7223e6e3c43f5321710
at org.openqa.selenium.remote.ErrorHandler.createThrowable(ErrorHandler.java:215)
at org.openqa.selenium.remote.ErrorHandler.throwIfResponseFailed(ErrorHandler.java:167)
at org.openqa.selenium.remote.RemoteWebDriver.execute(RemoteWebDriver.java:671)
at org.openqa.selenium.remote.RemoteWebDriver.executeScript(RemoteWebDriver.java:573)
at com.build.qa.build.selenium.tests.BuildTest.addProductToCartFromCategoryDrop(BuildTest.java:185)
... Removed 29 stack frames]]>
    </failure>
  </testcase> <!-- addProductToCartFromCategoryDrop -->
  <testcase name="facetNarrowBysResultInCorrectProductCounts" time="47.347" classname="com.build.qa.build.selenium.tests.BuildTest"/>
  <testcase name="navigateToHomePage" time="15.805" classname="com.build.qa.build.selenium.tests.BuildTest"/>
  <testcase name="searchForProductLandsOnCorrectProduct" time="17.522" classname="com.build.qa.build.selenium.tests.BuildTest">
    <failure type="org.openqa.selenium.WebDriverException" message="unknown error: call function result missing &amp;apos;value&amp;apos;
  (Session info: chrome with embedded Chromium 65.0.3325.181)
  (Driver info: OperaDriver=2.33 (3c26e9df3b0e313077a02a7d6ecab2264700bf10),platform=Windows NT 6.1.7601 SP1 x86_64) (WARNING: The server did not provide any stacktrace information)
Command duration or timeout: 70 milliseconds
Build info: version: &amp;apos;3.4.0&amp;apos;, revision: &amp;apos;unknown&amp;apos;, time: &amp;apos;unknown&amp;apos;
System info: host: &amp;apos;GLENNS-HP&amp;apos;, ip: &amp;apos;192.168.1.3&amp;apos;, os.name: &amp;apos;Windows 7&amp;apos;, os.arch: &amp;apos;x86&amp;apos;, os.version: &amp;apos;6.1&amp;apos;, java.version: &amp;apos;1.8.0_144&amp;apos;
Driver info: org.openqa.selenium.opera.OperaDriver
Capabilities [{applicationCacheEnabled=false, rotatable=false, mobileEmulationEnabled=false, networkConnectionEnabled=false, chrome={chromedriverVersion=2.33 (3c26e9df3b0e313077a02a7d6ecab2264700bf10), userDataDir=C:\Users\Glenns\AppData\Local\Temp\scoped_dir14732_6434}, takesHeapSnapshot=true, pageLoadStrategy=normal, databaseEnabled=false, handlesAlerts=true, hasTouchScreen=false, version=65.0.3325.181, platform=XP, browserConnectionEnabled=false, nativeEvents=true, acceptSslCerts=true, locationContextEnabled=true, webStorageEnabled=true, browserName=chrome, takesScreenshot=true, javascriptEnabled=true, cssSelectorsEnabled=true, setWindowRect=true, unexpectedAlertBehaviour=}]
Session ID: e0e489330de8ea180f8b53af3481f9b0">
      <![CDATA[org.openqa.selenium.WebDriverException: unknown error: call function result missing 'value'
  (Session info: chrome with embedded Chromium 65.0.3325.181)
  (Driver info: OperaDriver=2.33 (3c26e9df3b0e313077a02a7d6ecab2264700bf10),platform=Windows NT 6.1.7601 SP1 x86_64) (WARNING: The server did not provide any stacktrace information)
Command duration or timeout: 70 milliseconds
Build info: version: '3.4.0', revision: 'unknown', time: 'unknown'
System info: host: 'GLENNS-HP', ip: '192.168.1.3', os.name: 'Windows 7', os.arch: 'x86', os.version: '6.1', java.version: '1.8.0_144'
Driver info: org.openqa.selenium.opera.OperaDriver
Capabilities [{applicationCacheEnabled=false, rotatable=false, mobileEmulationEnabled=false, networkConnectionEnabled=false, chrome={chromedriverVersion=2.33 (3c26e9df3b0e313077a02a7d6ecab2264700bf10), userDataDir=C:\Users\Glenns\AppData\Local\Temp\scoped_dir14732_6434}, takesHeapSnapshot=true, pageLoadStrategy=normal, databaseEnabled=false, handlesAlerts=true, hasTouchScreen=false, version=65.0.3325.181, platform=XP, browserConnectionEnabled=false, nativeEvents=true, acceptSslCerts=true, locationContextEnabled=true, webStorageEnabled=true, browserName=chrome, takesScreenshot=true, javascriptEnabled=true, cssSelectorsEnabled=true, setWindowRect=true, unexpectedAlertBehaviour=}]
Session ID: e0e489330de8ea180f8b53af3481f9b0
at org.openqa.selenium.remote.ErrorHandler.createThrowable(ErrorHandler.java:215)
at org.openqa.selenium.remote.ErrorHandler.throwIfResponseFailed(ErrorHandler.java:167)
at org.openqa.selenium.remote.RemoteWebDriver.execute(RemoteWebDriver.java:671)
at org.openqa.selenium.remote.RemoteWebElement.execute(RemoteWebElement.java:272)
at org.openqa.selenium.remote.RemoteWebElement.sendKeys(RemoteWebElement.java:96)
at com.build.qa.build.selenium.tests.BuildTest.searchForProductLandsOnCorrectProduct(BuildTest.java:132)
... Removed 29 stack frames]]>
    </failure>
  </testcase> <!-- searchForProductLandsOnCorrectProduct -->
</testsuite> <!-- Test -->
