<?xml version="1.0" encoding="UTF-8"?>
<!-- Generated by org.testng.reporters.JUnitXMLReporter -->
<testsuite hostname="Glenns-HP" ignored="0" name="Test" tests="2" failures="2" timestamp="15 Mar 2018 09:05:43 GMT" time="0.32" errors="0">
  <testcase name="addProductToCartAndEmailIt" time="0.193" classname="com.build.qa.build.selenium.tests.BuildTest">
    <failure type="java.lang.NullPointerException">
      <![CDATA[java.lang.NullPointerException
at com.google.common.base.Preconditions.checkNotNull(Preconditions.java:770)
at org.openqa.selenium.support.ui.FluentWait.<init>(FluentWait.java:96)
at org.openqa.selenium.support.ui.WebDriverWait.<init>(WebDriverWait.java:71)
at org.openqa.selenium.support.ui.WebDriverWait.<init>(WebDriverWait.java:45)
at com.build.qa.build.selenium.tests.BuildTest.addProductToCartAndEmailIt(BuildTest.java:156)
... Removed 25 stack frames]]>
    </failure>
  </testcase> <!-- addProductToCartAndEmailIt -->
  <testcase name="addProductToCartAndEmailIt" time="0.255" classname="com.build.qa.build.selenium.tests.BuildTest">
    <failure type="java.lang.NullPointerException">
      <![CDATA[java.lang.NullPointerException
at com.build.qa.build.selenium.framework.BaseFramework.getScreenshot(BaseFramework.java:50)
at com.build.qa.build.selenium.tests.listeners.onTestFailure(listeners.java:42)
... Removed 22 stack frames]]>
    </failure>
  </testcase> <!-- addProductToCartAndEmailIt -->
</testsuite> <!-- Test -->
