<?xml version="1.0" encoding="UTF-8"?>
<testng-results skipped="5" failed="0" ignored="0" total="5" passed="0">
  <reporter-output>
  </reporter-output>
  <suite name="Suite" duration-ms="162" started-at="2018-03-22T11:08:59Z" finished-at="2018-03-22T11:08:59Z">
    <groups>
    </groups>
    <test name="Test" duration-ms="162" started-at="2018-03-22T11:08:59Z" finished-at="2018-03-22T11:08:59Z">
      <class name="com.build.qa.build.selenium.tests.BuildTest">
        <test-method status="FAIL" signature="beforeClass()[pri:0, instance:com.build.qa.build.selenium.tests.BuildTest@151f06e]" name="beforeClass" is-config="true" duration-ms="21" started-at="2018-03-22T11:08:59Z" finished-at="2018-03-22T11:08:59Z">
          <exception class="java.io.FileNotFoundException">
            <message>
              <![CDATA[.\resources\conf\automation.properties (The system cannot find the path specified)]]>
            </message>
            <full-stacktrace>
              <![CDATA[java.io.FileNotFoundException: .\resources\conf\automation.properties (The system cannot find the path specified)
at java.io.FileInputStream.open0(Native Method)
at java.io.FileInputStream.open(Unknown Source)
at java.io.FileInputStream.<init>(Unknown Source)
at com.build.qa.build.selenium.framework.BaseFramework.beforeClass(BaseFramework.java:60)
at sun.reflect.NativeMethodAccessorImpl.invoke0(Native Method)
at sun.reflect.NativeMethodAccessorImpl.invoke(Unknown Source)
at sun.reflect.DelegatingMethodAccessorImpl.invoke(Unknown Source)
at java.lang.reflect.Method.invoke(Unknown Source)
at org.testng.internal.MethodInvocationHelper.invokeMethod(MethodInvocationHelper.java:124)
at org.testng.internal.MethodInvocationHelper.invokeMethodConsideringTimeout(MethodInvocationHelper.java:59)
at org.testng.internal.Invoker.invokeConfigurationMethod(Invoker.java:455)
at org.testng.internal.Invoker.invokeConfigurations(Invoker.java:222)
at org.testng.internal.Invoker.invokeConfigurations(Invoker.java:142)
at org.testng.internal.TestMethodWorker.invokeBeforeClassMethods(TestMethodWorker.java:168)
at org.testng.internal.TestMethodWorker.run(TestMethodWorker.java:105)
at org.testng.TestRunner.privateRun(TestRunner.java:648)
at org.testng.TestRunner.run(TestRunner.java:505)
at org.testng.SuiteRunner.runTest(SuiteRunner.java:455)
at org.testng.SuiteRunner.runSequentially(SuiteRunner.java:450)
at org.testng.SuiteRunner.privateRun(SuiteRunner.java:415)
at org.testng.SuiteRunner.run(SuiteRunner.java:364)
at org.testng.SuiteRunnerWorker.runSuite(SuiteRunnerWorker.java:52)
at org.testng.SuiteRunnerWorker.run(SuiteRunnerWorker.java:84)
at org.testng.TestNG.runSuitesSequentially(TestNG.java:1208)
at org.testng.TestNG.runSuitesLocally(TestNG.java:1137)
at org.testng.TestNG.runSuites(TestNG.java:1049)
at org.testng.TestNG.run(TestNG.java:1017)
at org.testng.remote.AbstractRemoteTestNG.run(AbstractRemoteTestNG.java:114)
at org.testng.remote.RemoteTestNG.initAndRun(RemoteTestNG.java:251)
at org.testng.remote.RemoteTestNG.main(RemoteTestNG.java:77)
]]>
            </full-stacktrace>
          </exception> <!-- java.io.FileNotFoundException -->
          <reporter-output>
          </reporter-output>
        </test-method> <!-- beforeClass -->
        <test-method status="SKIP" signature="setUpBefore()[pri:0, instance:com.build.qa.build.selenium.tests.BuildTest@151f06e]" name="setUpBefore" is-config="true" duration-ms="0" started-at="2018-03-22T11:08:59Z" finished-at="2018-03-22T11:08:59Z">
          <reporter-output>
          </reporter-output>
        </test-method> <!-- setUpBefore -->
        <test-method status="SKIP" signature="addProductToCartAndEmailIt()[pri:0, instance:com.build.qa.build.selenium.tests.BuildTest@151f06e]" name="addProductToCartAndEmailIt" duration-ms="0" started-at="2018-03-22T11:08:59Z" finished-at="2018-03-22T11:08:59Z">
          <exception class="java.io.FileNotFoundException">
            <message>
              <![CDATA[.\resources\conf\automation.properties (The system cannot find the path specified)]]>
            </message>
            <full-stacktrace>
              <![CDATA[java.io.FileNotFoundException: .\resources\conf\automation.properties (The system cannot find the path specified)
at java.io.FileInputStream.open0(Native Method)
at java.io.FileInputStream.open(Unknown Source)
at java.io.FileInputStream.<init>(Unknown Source)
at com.build.qa.build.selenium.framework.BaseFramework.beforeClass(BaseFramework.java:60)
at sun.reflect.NativeMethodAccessorImpl.invoke0(Native Method)
at sun.reflect.NativeMethodAccessorImpl.invoke(Unknown Source)
at sun.reflect.DelegatingMethodAccessorImpl.invoke(Unknown Source)
at java.lang.reflect.Method.invoke(Unknown Source)
at org.testng.internal.MethodInvocationHelper.invokeMethod(MethodInvocationHelper.java:124)
at org.testng.internal.MethodInvocationHelper.invokeMethodConsideringTimeout(MethodInvocationHelper.java:59)
at org.testng.internal.Invoker.invokeConfigurationMethod(Invoker.java:455)
at org.testng.internal.Invoker.invokeConfigurations(Invoker.java:222)
at org.testng.internal.Invoker.invokeConfigurations(Invoker.java:142)
at org.testng.internal.TestMethodWorker.invokeBeforeClassMethods(TestMethodWorker.java:168)
at org.testng.internal.TestMethodWorker.run(TestMethodWorker.java:105)
at org.testng.TestRunner.privateRun(TestRunner.java:648)
at org.testng.TestRunner.run(TestRunner.java:505)
at org.testng.SuiteRunner.runTest(SuiteRunner.java:455)
at org.testng.SuiteRunner.runSequentially(SuiteRunner.java:450)
at org.testng.SuiteRunner.privateRun(SuiteRunner.java:415)
at org.testng.SuiteRunner.run(SuiteRunner.java:364)
at org.testng.SuiteRunnerWorker.runSuite(SuiteRunnerWorker.java:52)
at org.testng.SuiteRunnerWorker.run(SuiteRunnerWorker.java:84)
at org.testng.TestNG.runSuitesSequentially(TestNG.java:1208)
at org.testng.TestNG.runSuitesLocally(TestNG.java:1137)
at org.testng.TestNG.runSuites(TestNG.java:1049)
at org.testng.TestNG.run(TestNG.java:1017)
at org.testng.remote.AbstractRemoteTestNG.run(AbstractRemoteTestNG.java:114)
at org.testng.remote.RemoteTestNG.initAndRun(RemoteTestNG.java:251)
at org.testng.remote.RemoteTestNG.main(RemoteTestNG.java:77)
]]>
            </full-stacktrace>
          </exception> <!-- java.io.FileNotFoundException -->
          <reporter-output>
          </reporter-output>
        </test-method> <!-- addProductToCartAndEmailIt -->
        <test-method status="SKIP" signature="tearDownAfter()[pri:0, instance:com.build.qa.build.selenium.tests.BuildTest@151f06e]" name="tearDownAfter" is-config="true" duration-ms="0" started-at="2018-03-22T11:08:59Z" finished-at="2018-03-22T11:08:59Z">
          <reporter-output>
          </reporter-output>
        </test-method> <!-- tearDownAfter -->
        <test-method status="SKIP" signature="setUpBefore()[pri:0, instance:com.build.qa.build.selenium.tests.BuildTest@151f06e]" name="setUpBefore" is-config="true" duration-ms="0" started-at="2018-03-22T11:08:59Z" finished-at="2018-03-22T11:08:59Z">
          <reporter-output>
          </reporter-output>
        </test-method> <!-- setUpBefore -->
        <test-method status="SKIP" signature="addProductToCartFromCategoryDrop()[pri:0, instance:com.build.qa.build.selenium.tests.BuildTest@151f06e]" name="addProductToCartFromCategoryDrop" duration-ms="0" started-at="2018-03-22T11:08:59Z" finished-at="2018-03-22T11:08:59Z">
          <exception class="java.io.FileNotFoundException">
            <message>
              <![CDATA[.\resources\conf\automation.properties (The system cannot find the path specified)]]>
            </message>
            <full-stacktrace>
              <![CDATA[java.io.FileNotFoundException: .\resources\conf\automation.properties (The system cannot find the path specified)
at java.io.FileInputStream.open0(Native Method)
at java.io.FileInputStream.open(Unknown Source)
at java.io.FileInputStream.<init>(Unknown Source)
at com.build.qa.build.selenium.framework.BaseFramework.beforeClass(BaseFramework.java:60)
at sun.reflect.NativeMethodAccessorImpl.invoke0(Native Method)
at sun.reflect.NativeMethodAccessorImpl.invoke(Unknown Source)
at sun.reflect.DelegatingMethodAccessorImpl.invoke(Unknown Source)
at java.lang.reflect.Method.invoke(Unknown Source)
at org.testng.internal.MethodInvocationHelper.invokeMethod(MethodInvocationHelper.java:124)
at org.testng.internal.MethodInvocationHelper.invokeMethodConsideringTimeout(MethodInvocationHelper.java:59)
at org.testng.internal.Invoker.invokeConfigurationMethod(Invoker.java:455)
at org.testng.internal.Invoker.invokeConfigurations(Invoker.java:222)
at org.testng.internal.Invoker.invokeConfigurations(Invoker.java:142)
at org.testng.internal.TestMethodWorker.invokeBeforeClassMethods(TestMethodWorker.java:168)
at org.testng.internal.TestMethodWorker.run(TestMethodWorker.java:105)
at org.testng.TestRunner.privateRun(TestRunner.java:648)
at org.testng.TestRunner.run(TestRunner.java:505)
at org.testng.SuiteRunner.runTest(SuiteRunner.java:455)
at org.testng.SuiteRunner.runSequentially(SuiteRunner.java:450)
at org.testng.SuiteRunner.privateRun(SuiteRunner.java:415)
at org.testng.SuiteRunner.run(SuiteRunner.java:364)
at org.testng.SuiteRunnerWorker.runSuite(SuiteRunnerWorker.java:52)
at org.testng.SuiteRunnerWorker.run(SuiteRunnerWorker.java:84)
at org.testng.TestNG.runSuitesSequentially(TestNG.java:1208)
at org.testng.TestNG.runSuitesLocally(TestNG.java:1137)
at org.testng.TestNG.runSuites(TestNG.java:1049)
at org.testng.TestNG.run(TestNG.java:1017)
at org.testng.remote.AbstractRemoteTestNG.run(AbstractRemoteTestNG.java:114)
at org.testng.remote.RemoteTestNG.initAndRun(RemoteTestNG.java:251)
at org.testng.remote.RemoteTestNG.main(RemoteTestNG.java:77)
]]>
            </full-stacktrace>
          </exception> <!-- java.io.FileNotFoundException -->
          <reporter-output>
          </reporter-output>
        </test-method> <!-- addProductToCartFromCategoryDrop -->
        <test-method status="SKIP" signature="tearDownAfter()[pri:0, instance:com.build.qa.build.selenium.tests.BuildTest@151f06e]" name="tearDownAfter" is-config="true" duration-ms="0" started-at="2018-03-22T11:08:59Z" finished-at="2018-03-22T11:08:59Z">
          <reporter-output>
          </reporter-output>
        </test-method> <!-- tearDownAfter -->
        <test-method status="SKIP" signature="setUpBefore()[pri:0, instance:com.build.qa.build.selenium.tests.BuildTest@151f06e]" name="setUpBefore" is-config="true" duration-ms="0" started-at="2018-03-22T11:08:59Z" finished-at="2018-03-22T11:08:59Z">
          <reporter-output>
          </reporter-output>
        </test-method> <!-- setUpBefore -->
        <test-method status="SKIP" signature="facetNarrowBysResultInCorrectProductCounts()[pri:0, instance:com.build.qa.build.selenium.tests.BuildTest@151f06e]" name="facetNarrowBysResultInCorrectProductCounts" duration-ms="0" started-at="2018-03-22T11:08:59Z" finished-at="2018-03-22T11:08:59Z">
          <exception class="java.io.FileNotFoundException">
            <message>
              <![CDATA[.\resources\conf\automation.properties (The system cannot find the path specified)]]>
            </message>
            <full-stacktrace>
              <![CDATA[java.io.FileNotFoundException: .\resources\conf\automation.properties (The system cannot find the path specified)
at java.io.FileInputStream.open0(Native Method)
at java.io.FileInputStream.open(Unknown Source)
at java.io.FileInputStream.<init>(Unknown Source)
at com.build.qa.build.selenium.framework.BaseFramework.beforeClass(BaseFramework.java:60)
at sun.reflect.NativeMethodAccessorImpl.invoke0(Native Method)
at sun.reflect.NativeMethodAccessorImpl.invoke(Unknown Source)
at sun.reflect.DelegatingMethodAccessorImpl.invoke(Unknown Source)
at java.lang.reflect.Method.invoke(Unknown Source)
at org.testng.internal.MethodInvocationHelper.invokeMethod(MethodInvocationHelper.java:124)
at org.testng.internal.MethodInvocationHelper.invokeMethodConsideringTimeout(MethodInvocationHelper.java:59)
at org.testng.internal.Invoker.invokeConfigurationMethod(Invoker.java:455)
at org.testng.internal.Invoker.invokeConfigurations(Invoker.java:222)
at org.testng.internal.Invoker.invokeConfigurations(Invoker.java:142)
at org.testng.internal.TestMethodWorker.invokeBeforeClassMethods(TestMethodWorker.java:168)
at org.testng.internal.TestMethodWorker.run(TestMethodWorker.java:105)
at org.testng.TestRunner.privateRun(TestRunner.java:648)
at org.testng.TestRunner.run(TestRunner.java:505)
at org.testng.SuiteRunner.runTest(SuiteRunner.java:455)
at org.testng.SuiteRunner.runSequentially(SuiteRunner.java:450)
at org.testng.SuiteRunner.privateRun(SuiteRunner.java:415)
at org.testng.SuiteRunner.run(SuiteRunner.java:364)
at org.testng.SuiteRunnerWorker.runSuite(SuiteRunnerWorker.java:52)
at org.testng.SuiteRunnerWorker.run(SuiteRunnerWorker.java:84)
at org.testng.TestNG.runSuitesSequentially(TestNG.java:1208)
at org.testng.TestNG.runSuitesLocally(TestNG.java:1137)
at org.testng.TestNG.runSuites(TestNG.java:1049)
at org.testng.TestNG.run(TestNG.java:1017)
at org.testng.remote.AbstractRemoteTestNG.run(AbstractRemoteTestNG.java:114)
at org.testng.remote.RemoteTestNG.initAndRun(RemoteTestNG.java:251)
at org.testng.remote.RemoteTestNG.main(RemoteTestNG.java:77)
]]>
            </full-stacktrace>
          </exception> <!-- java.io.FileNotFoundException -->
          <reporter-output>
          </reporter-output>
        </test-method> <!-- facetNarrowBysResultInCorrectProductCounts -->
        <test-method status="SKIP" signature="tearDownAfter()[pri:0, instance:com.build.qa.build.selenium.tests.BuildTest@151f06e]" name="tearDownAfter" is-config="true" duration-ms="0" started-at="2018-03-22T11:08:59Z" finished-at="2018-03-22T11:08:59Z">
          <reporter-output>
          </reporter-output>
        </test-method> <!-- tearDownAfter -->
        <test-method status="SKIP" signature="setUpBefore()[pri:0, instance:com.build.qa.build.selenium.tests.BuildTest@151f06e]" name="setUpBefore" is-config="true" duration-ms="0" started-at="2018-03-22T11:08:59Z" finished-at="2018-03-22T11:08:59Z">
          <reporter-output>
          </reporter-output>
        </test-method> <!-- setUpBefore -->
        <test-method status="SKIP" signature="navigateToHomePage()[pri:0, instance:com.build.qa.build.selenium.tests.BuildTest@151f06e]" name="navigateToHomePage" duration-ms="0" started-at="2018-03-22T11:08:59Z" finished-at="2018-03-22T11:08:59Z">
          <exception class="java.io.FileNotFoundException">
            <message>
              <![CDATA[.\resources\conf\automation.properties (The system cannot find the path specified)]]>
            </message>
            <full-stacktrace>
              <![CDATA[java.io.FileNotFoundException: .\resources\conf\automation.properties (The system cannot find the path specified)
at java.io.FileInputStream.open0(Native Method)
at java.io.FileInputStream.open(Unknown Source)
at java.io.FileInputStream.<init>(Unknown Source)
at com.build.qa.build.selenium.framework.BaseFramework.beforeClass(BaseFramework.java:60)
at sun.reflect.NativeMethodAccessorImpl.invoke0(Native Method)
at sun.reflect.NativeMethodAccessorImpl.invoke(Unknown Source)
at sun.reflect.DelegatingMethodAccessorImpl.invoke(Unknown Source)
at java.lang.reflect.Method.invoke(Unknown Source)
at org.testng.internal.MethodInvocationHelper.invokeMethod(MethodInvocationHelper.java:124)
at org.testng.internal.MethodInvocationHelper.invokeMethodConsideringTimeout(MethodInvocationHelper.java:59)
at org.testng.internal.Invoker.invokeConfigurationMethod(Invoker.java:455)
at org.testng.internal.Invoker.invokeConfigurations(Invoker.java:222)
at org.testng.internal.Invoker.invokeConfigurations(Invoker.java:142)
at org.testng.internal.TestMethodWorker.invokeBeforeClassMethods(TestMethodWorker.java:168)
at org.testng.internal.TestMethodWorker.run(TestMethodWorker.java:105)
at org.testng.TestRunner.privateRun(TestRunner.java:648)
at org.testng.TestRunner.run(TestRunner.java:505)
at org.testng.SuiteRunner.runTest(SuiteRunner.java:455)
at org.testng.SuiteRunner.runSequentially(SuiteRunner.java:450)
at org.testng.SuiteRunner.privateRun(SuiteRunner.java:415)
at org.testng.SuiteRunner.run(SuiteRunner.java:364)
at org.testng.SuiteRunnerWorker.runSuite(SuiteRunnerWorker.java:52)
at org.testng.SuiteRunnerWorker.run(SuiteRunnerWorker.java:84)
at org.testng.TestNG.runSuitesSequentially(TestNG.java:1208)
at org.testng.TestNG.runSuitesLocally(TestNG.java:1137)
at org.testng.TestNG.runSuites(TestNG.java:1049)
at org.testng.TestNG.run(TestNG.java:1017)
at org.testng.remote.AbstractRemoteTestNG.run(AbstractRemoteTestNG.java:114)
at org.testng.remote.RemoteTestNG.initAndRun(RemoteTestNG.java:251)
at org.testng.remote.RemoteTestNG.main(RemoteTestNG.java:77)
]]>
            </full-stacktrace>
          </exception> <!-- java.io.FileNotFoundException -->
          <reporter-output>
          </reporter-output>
        </test-method> <!-- navigateToHomePage -->
        <test-method status="SKIP" signature="tearDownAfter()[pri:0, instance:com.build.qa.build.selenium.tests.BuildTest@151f06e]" name="tearDownAfter" is-config="true" duration-ms="0" started-at="2018-03-22T11:08:59Z" finished-at="2018-03-22T11:08:59Z">
          <reporter-output>
          </reporter-output>
        </test-method> <!-- tearDownAfter -->
        <test-method status="SKIP" signature="setUpBefore()[pri:0, instance:com.build.qa.build.selenium.tests.BuildTest@151f06e]" name="setUpBefore" is-config="true" duration-ms="0" started-at="2018-03-22T11:08:59Z" finished-at="2018-03-22T11:08:59Z">
          <reporter-output>
          </reporter-output>
        </test-method> <!-- setUpBefore -->
        <test-method status="SKIP" signature="searchForProductLandsOnCorrectProduct()[pri:0, instance:com.build.qa.build.selenium.tests.BuildTest@151f06e]" name="searchForProductLandsOnCorrectProduct" duration-ms="0" started-at="2018-03-22T11:08:59Z" finished-at="2018-03-22T11:08:59Z">
          <exception class="java.io.FileNotFoundException">
            <message>
              <![CDATA[.\resources\conf\automation.properties (The system cannot find the path specified)]]>
            </message>
            <full-stacktrace>
              <![CDATA[java.io.FileNotFoundException: .\resources\conf\automation.properties (The system cannot find the path specified)
at java.io.FileInputStream.open0(Native Method)
at java.io.FileInputStream.open(Unknown Source)
at java.io.FileInputStream.<init>(Unknown Source)
at com.build.qa.build.selenium.framework.BaseFramework.beforeClass(BaseFramework.java:60)
at sun.reflect.NativeMethodAccessorImpl.invoke0(Native Method)
at sun.reflect.NativeMethodAccessorImpl.invoke(Unknown Source)
at sun.reflect.DelegatingMethodAccessorImpl.invoke(Unknown Source)
at java.lang.reflect.Method.invoke(Unknown Source)
at org.testng.internal.MethodInvocationHelper.invokeMethod(MethodInvocationHelper.java:124)
at org.testng.internal.MethodInvocationHelper.invokeMethodConsideringTimeout(MethodInvocationHelper.java:59)
at org.testng.internal.Invoker.invokeConfigurationMethod(Invoker.java:455)
at org.testng.internal.Invoker.invokeConfigurations(Invoker.java:222)
at org.testng.internal.Invoker.invokeConfigurations(Invoker.java:142)
at org.testng.internal.TestMethodWorker.invokeBeforeClassMethods(TestMethodWorker.java:168)
at org.testng.internal.TestMethodWorker.run(TestMethodWorker.java:105)
at org.testng.TestRunner.privateRun(TestRunner.java:648)
at org.testng.TestRunner.run(TestRunner.java:505)
at org.testng.SuiteRunner.runTest(SuiteRunner.java:455)
at org.testng.SuiteRunner.runSequentially(SuiteRunner.java:450)
at org.testng.SuiteRunner.privateRun(SuiteRunner.java:415)
at org.testng.SuiteRunner.run(SuiteRunner.java:364)
at org.testng.SuiteRunnerWorker.runSuite(SuiteRunnerWorker.java:52)
at org.testng.SuiteRunnerWorker.run(SuiteRunnerWorker.java:84)
at org.testng.TestNG.runSuitesSequentially(TestNG.java:1208)
at org.testng.TestNG.runSuitesLocally(TestNG.java:1137)
at org.testng.TestNG.runSuites(TestNG.java:1049)
at org.testng.TestNG.run(TestNG.java:1017)
at org.testng.remote.AbstractRemoteTestNG.run(AbstractRemoteTestNG.java:114)
at org.testng.remote.RemoteTestNG.initAndRun(RemoteTestNG.java:251)
at org.testng.remote.RemoteTestNG.main(RemoteTestNG.java:77)
]]>
            </full-stacktrace>
          </exception> <!-- java.io.FileNotFoundException -->
          <reporter-output>
          </reporter-output>
        </test-method> <!-- searchForProductLandsOnCorrectProduct -->
        <test-method status="SKIP" signature="tearDownAfter()[pri:0, instance:com.build.qa.build.selenium.tests.BuildTest@151f06e]" name="tearDownAfter" is-config="true" duration-ms="0" started-at="2018-03-22T11:08:59Z" finished-at="2018-03-22T11:08:59Z">
          <reporter-output>
          </reporter-output>
        </test-method> <!-- tearDownAfter -->
      </class> <!-- com.build.qa.build.selenium.tests.BuildTest -->
    </test> <!-- Test -->
  </suite> <!-- Suite -->
</testng-results>
